[16:41:23.28] Global cache location '/home/cl/.cache/typescript/3.7', safe file path '/home/cl/jolocom/smartwallet-app/node_modules/typescript/lib/typingSafeList.json', types map path /home/cl/jolocom/smartwallet-app/node_modules/typescript/lib/typesMap.json
[16:41:23.30] Processing cache location '/home/cl/.cache/typescript/3.7'
[16:41:23.30] Trying to find '/home/cl/.cache/typescript/3.7/package.json'...
[16:41:23.33] Loaded content of '/home/cl/.cache/typescript/3.7/package.json': {"private":true,"dependencies":{"types-registry":"^0.1.483"},"devDependencies":{"@types/abbrev":"^1.1.1","@types/accepts":"^1.3.5","@types/acorn":"^4.0.5","@types/aes-js":"^3.1.0","@types/agent-base":"^4.2.0","@types/airbnb-prop-types":"^2.13.1","@types/ansi":"^0.3.2","@types/ansi-styles":"^3.2.1","@types/anymatch":"^1.3.1","@types/app-root-path":"^1.2.4","@types/are-we-there-yet":"^1.1.0","@types/argparse":"^1.0.38","@types/arr-diff":"^4.0.0","@types/arr-union":"^3.1.0","@types/array-find-index":"^1.0.0","@types/array-unique":"^0.3.0","@types/array.prototype.flat":"^1.2.1","@types/asap":"^2.0.0","@types/asn1":"^0.2.0","@types/assert":"^1.4.6","@types/assert-plus":"^1.0.4","@types/async":"^3.0.8","@types/async-eventemitter":"^0.2.0","@types/atob":"^2.1.2","@types/aws4":"^1.5.1","@types/babel-plugin-macros":"^2.8.1","@types/babel-plugin-syntax-jsx":"^6.18.0","@types/babel__core":"^7.1.6","@types/balanced-match":"^1.0.1","@types/base-64":"^0.1.3","@types/base64-js":"^1.2.5","@types/basic-auth":"^1.1.3","@types/big.js":"^4.0.5","@types/bindings":"^1.3.0","@types/bl":"^2.1.0","@types/bluebird":"^3.5.30","@types/bn.js":"^4.11.6","@types/body-parser":"^1.19.0","@types/brace-expansion":"^1.1.0","@types/braces":"^3.0.0","@types/brorand":"^1.0.30","@types/browser-resolve":"^1.11.0","@types/bs58":"^4.0.1","@types/bser":"^2.0.0","@types/buffer-crc32":"^0.2.0","@types/buffer-from":"^1.1.0","@types/buffer-xor":"^2.0.0","@types/bunyan":"^1.8.6","@types/bytes":"^3.1.0","@types/case-sensitive-paths-webpack-plugin":"^2.1.4","@types/caseless":"^0.12.2","@types/chai":"^4.2.11","@types/chai-as-promised":"^7.1.2","@types/chardet":"^0.8.0","@types/check-error":"^1.0.0","@types/cheerio":"^0.22.17","@types/child-process-promise":"^2.2.1","@types/chownr":"^1.0.0","@types/ci-info":"^2.0.0","@types/cipher-base":"^1.0.0","@types/cli-spinners":"^1.3.0","@types/clone":"^0.1.30","@types/clone-deep":"^4.0.1","@types/co":"^4.6.2","@types/coinstring":"^2.3.0","@types/color":"^3.0.1","@types/color-convert":"^1.9.0","@types/color-name":"^1.1.1","@types/color-string":"^1.5.0","@types/color-support":"^1.1.0","@types/combined-stream":"^1.0.2","@types/common-tags":"^1.8.0","@types/commondir":"^1.0.0","@types/component-emitter":"^1.2.9","@types/compressible":"^2.0.0","@types/compression":"^1.7.0","@types/concat-map":"0.0.0","@types/concat-stream":"^1.6.0","@types/configstore":"^4.0.0","@types/connect":"^3.4.33","@types/content-disposition":"^0.5.2","@types/content-type":"^1.1.3","@types/convert-source-map":"^1.5.1","@types/cookie":"^0.3.3","@types/cookie-signature":"^1.0.3","@types/core-js":"^2.5.3","@types/cors":"^2.8.6","@types/create-hash":"^1.2.2","@types/create-hmac":"^1.1.0","@types/create-react-class":"^15.6.3","@types/cross-spawn":"^6.0.1","@types/crypto-js":"^3.1.43","@types/css-tree":"^1.0.3","@types/csso":"^3.5.1","@types/dashify":"^1.0.0","@types/debounce":"^1.2.0","@types/debug":"^4.1.5","@types/decode-uri-component":"^0.2.0","@types/decompress":"^4.2.3","@types/dedent":"^0.7.0","@types/deep-equal":"^1.0.1","@types/deep-extend":"^0.4.31","@types/define-properties":"^1.1.2","@types/defined":"^1.0.0","@types/denodeify":"^1.2.31","@types/depd":"^1.1.32","@types/destroy":"^1.0.0","@types/detect-node":"^2.0.0","@types/detox":"^14.5.2","@types/diff":"^4.0.2","@types/diff-match-patch":"^1.0.32","@types/diffie-hellman":"^5.0.0","@types/discontinuous-range":"^1.0.2","@types/doctrine":"0.0.3","@types/domexception":"^2.0.0","@types/domhandler":"^2.4.1","@types/domutils":"^1.7.2","@types/duplexer3":"^0.1.0","@types/ee-first":"^1.1.0","@types/elliptic":"^6.4.12","@types/encodeurl":"^1.0.0","@types/end-of-stream":"^1.4.0","@types/enhanced-resolve":"^3.0.6","@types/entities":"^1.1.1","@types/enzyme":"^3.10.5","@types/enzyme-adapter-react-16":"^1.0.6","@types/enzyme-to-json":"^1.5.3","@types/errorhandler":"^1.5.0","@types/es-to-primitive":"^1.2.0","@types/es6-promisify":"^6.0.0","@types/escape-html":"0.0.20","@types/escodegen":"0.0.6","@types/eslint":"^6.1.8","@types/eslint-plugin-prettier":"^2.2.0","@types/eslint-scope":"^3.7.0","@types/eslint-visitor-keys":"^1.0.0","@types/esprima":"^4.0.2","@types/esquery":"^1.0.1","@types/estraverse":"0.0.6","@types/etag":"^1.8.0","@types/events":"^3.0.0","@types/exit":"^0.1.31","@types/expand-tilde":"^2.0.0","@types/express":"^4.17.3","@types/extend":"^3.0.1","@types/extract-zip":"^1.6.2","@types/extsprintf":"^1.4.1","@types/fancy-log":"^1.3.1","@types/fast-json-stable-stringify":"^2.0.0","@types/fast-levenshtein":"0.0.1","@types/fb-watchman":"^2.0.0","@types/figlet":"^1.2.0","@types/file-entry-cache":"^5.0.0","@types/finalhandler":"^1.1.0","@types/find-cache-dir":"^3.2.0","@types/find-root":"^1.1.1","@types/findup-sync":"^2.0.2","@types/flat-cache":"^2.0.0","@types/forever-agent":"^0.6.0","@types/forwarded":"^0.1.0","@types/fresh":"^0.5.0","@types/fs-extra":"^8.1.0","@types/fs-readdir-recursive":"^1.0.0","@types/function-bind":"^1.1.1","@types/get-caller-file":"^1.0.0","@types/get-func-name":"^2.0.0","@types/get-value":"^3.0.1","@types/getpass":"^0.1.0","@types/glob":"^7.1.1","@types/glob-base":"^0.3.0","@types/glob-parent":"^5.1.0","@types/global-modules":"^2.0.0","@types/global-prefix":"^3.0.0","@types/got":"^9.6.9","@types/graceful-fs":"^4.1.3","@types/has-ansi":"^3.0.0","@types/hdkey":"^0.7.1","@types/highlight.js":"^9.12.3","@types/hosted-git-info":"^3.0.0","@types/htmlparser2":"^3.10.1","@types/http-errors":"^1.6.3","@types/i18n-js":"^3.0.1","@types/ignore-walk":"^3.0.1","@types/immediate":"^3.2.0","@types/imurmurhash":"^0.1.0","@types/inherits":"0.0.30","@types/ini":"^1.3.30","@types/inquirer":"^6.5.0","@types/interpret":"^1.1.1","@types/invariant":"^2.2.31","@types/ip":"^1.1.0","@types/is-buffer":"^2.0.0","@types/is-callable":"^1.1.0","@types/is-ci":"^2.0.0","@types/is-date-object":"^1.0.1","@types/is-dotfile":"^2.0.0","@types/is-finite":"^1.0.0","@types/is-function":"^1.0.0","@types/is-generator-function":"^1.0.1","@types/is-glob":"^4.0.1","@types/is-natural-number":"^4.0.0","@types/is-number":"^7.0.0","@types/is-object":"^1.0.1","@types/is-promise":"^2.1.0","@types/is-typedarray":"^1.0.0","@types/is-windows":"^1.0.0","@types/isarray":"^2.0.0","@types/isexe":"^2.0.0","@types/isomorphic-fetch":"0.0.35","@types/isstream":"^0.1.0","@types/istanbul-lib-coverage":"^2.0.1","@types/istanbul-lib-instrument":"^1.7.3","@types/istanbul-lib-report":"^3.0.0","@types/istanbul-lib-source-maps":"^1.2.2","@types/istanbul-reports":"^1.1.1","@types/js-yaml":"^3.12.2","@types/jsbn":"^1.2.29","@types/jsdom":"^16.1.1","@types/jsesc":"^2.5.0","@types/json-parse-better-errors":"^1.0.0","@types/json-schema":"^7.0.4","@types/json-schema-traverse":"^0.4.0","@types/json-stable-stringify":"^1.0.32","@types/json-stringify-safe":"^5.0.0","@types/json5":"0.0.30","@types/jsonfile":"^5.0.0","@types/jsonld":"^1.5.1","@types/kind-of":"^6.0.0","@types/klaw":"^3.0.0","@types/level-codec":"^9.0.0","@types/levelup":"^4.3.0","@types/loader-utils":"^1.1.3","@types/lodash":"^4.14.149","@types/lodash-es":"^4.17.3","@types/lodash.assign":"^4.2.6","@types/lodash.escape":"^4.0.6","@types/lodash.flattendeep":"^4.4.6","@types/lodash.isequal":"^4.5.5","@types/lodash.isplainobject":"^4.0.6","@types/lodash.merge":"^4.6.6","@types/lodash.pad":"^4.5.6","@types/lodash.padend":"^4.6.6","@types/lodash.padstart":"^4.6.6","@types/lodash.sortby":"^4.7.6","@types/lodash.throttle":"^4.1.6","@types/lodash.unescape":"^4.0.6","@types/lru-cache":"^5.1.0","@types/math-random":"^1.0.0","@types/media-typer":"^0.3.0","@types/memory-fs":"^0.3.2","@types/memorystream":"^0.3.0","@types/meow":"^5.0.0","@types/merge-descriptors":"^1.0.1","@types/merge-stream":"^1.1.2","@types/methods":"^1.1.1","@types/micromatch":"^4.0.1","@types/mime":"^2.0.1","@types/mime-db":"^1.27.0","@types/mime-types":"^2.1.0","@types/min-document":"^2.19.0","@types/minimalistic-assert":"^1.0.0","@types/minimatch":"^3.0.3","@types/minimist":"^1.2.0","@types/minipass":"^2.2.0","@types/mkdirp":"^1.0.0","@types/mock-fs":"^4.10.0","@types/mockdate":"^2.0.0","@types/moo":"^0.5.2","@types/morgan":"^1.9.0","@types/mri":"^1.1.0","@types/ms":"^0.7.31","@types/mv":"^2.1.0","@types/mz":"^2.7.0","@types/natural-compare":"^1.4.0","@types/ncp":"^2.0.3","@types/nearley":"^2.11.1","@types/needle":"^2.0.4","@types/negotiator":"^0.6.1","@types/nice-try":"^2.0.0","@types/node-fetch":"^2.5.5","@types/node-forge":"^0.9.2","@types/node-int64":"^0.4.29","@types/node-notifier":"^6.0.0","@types/node-uuid":"0.0.28","@types/nopt":"^3.0.29","@types/normalize-package-data":"^2.4.0","@types/normalize-path":"^3.0.0","@types/npm-packlist":"^1.1.1","@types/npmlog":"^4.1.2","@types/number-is-nan":"^1.0.0","@types/object-assign":"^4.0.30","@types/object-inspect":"^1.6.1","@types/object-keys":"^1.0.1","@types/object.getownpropertydescriptors":"^2.1.0","@types/object.omit":"^3.0.0","@types/object.pick":"^1.3.0","@types/oboe":"^2.0.28","@types/on-finished":"^2.3.1","@types/on-headers":"^1.0.0","@types/once":"^1.4.0","@types/optimist":"0.0.29","@types/os-homedir":"^1.0.0","@types/os-tmpdir":"^1.0.0","@types/osenv":"^0.1.0","@types/parse-glob":"^3.0.29","@types/parse-json":"^4.0.0","@types/parse-passwd":"^1.0.0","@types/parse5":"^5.0.2","@types/parseurl":"^1.3.1","@types/path-is-absolute":"^1.0.0","@types/path-is-inside":"^1.0.0","@types/path-parse":"^1.0.19","@types/pathval":"^1.1.0","@types/pbkdf2":"^3.0.0","@types/pegjs":"^0.10.1","@types/pify":"^3.0.2","@types/plist":"^3.0.2","@types/plugin-error":"^0.1.1","@types/pngjs":"^3.4.2","@types/prelude-ls":"^1.1.29","@types/prettier":"^1.19.1","@types/progress":"^2.0.3","@types/progress-stream":"^2.0.0","@types/promise-polyfill":"^6.0.3","@types/prompts":"^2.0.5","@types/prop-types":"^15.7.3","@types/proper-lockfile":"^4.1.1","@types/proxy-addr":"^2.0.0","@types/proxy-from-env":"^1.0.1","@types/psl":"^1.1.0","@types/pump":"^1.1.0","@types/punycode":"^2.1.0","@types/q":"^1.5.2","@types/qrcode":"^1.3.4","@types/qs":"^6.9.1","@types/raf":"^3.4.0","@types/ramda":"^0.27.0","@types/randombytes":"^2.0.0","@types/range-parser":"^1.2.3","@types/rc":"^1.1.0","@types/react":"^16.9.25","@types/react-addons-shallow-compare":"^0.14.22","@types/react-devtools":"^3.6.0","@types/react-dom":"^16.9.5","@types/react-is":"^16.7.1","@types/react-lifecycles-compat":"^3.0.1","@types/react-native":"^0.61.23","@types/react-native-material-textfield":"^0.16.3","@types/react-native-material-ui":"^1.32.0","@types/react-native-modal-dropdown":"^0.6.2","@types/react-native-snap-carousel":"^3.8.1","@types/react-native-sqlite-storage":"^3.3.2","@types/react-native-vector-icons":"^6.4.5","@types/react-native-version-number":"^0.3.0","@types/react-redux":"^7.1.7","@types/react-test-renderer":"^16.9.2","@types/readable-stream":"^2.3.5","@types/rechoir":"^0.6.1","@types/recursive-readdir":"^2.2.0","@types/redux-mock-store":"^1.0.2","@types/registry-auth-token":"^3.3.0","@types/repeat-element":"^1.1.0","@types/repeat-string":"^1.6.0","@types/repeating":"^3.0.0","@types/replace-ext":"0.0.27","@types/request":"^2.48.4","@types/request-promise-native":"^1.0.17","@types/require-directory":"^2.1.1","@types/require-from-string":"^1.2.0","@types/resolve":"^1.14.0","@types/retry":"^0.12.0","@types/rimraf":"^3.0.0","@types/ripemd160":"^2.0.0","@types/rn-fetch-blob":"^1.2.1","@types/rsvp":"^4.0.3","@types/rx-lite":"^4.0.6","@types/rx-lite-aggregates":"^4.0.3","@types/safe-json-stringify":"^1.1.0","@types/safe-regex":"^1.1.2","@types/safer-buffer":"^2.1.0","@types/sane":"^2.0.0","@types/sax":"^1.2.1","@types/scheduler":"^0.16.1","@types/scrypt":"^6.0.0","@types/scrypt-js":"^2.0.4","@types/scryptsy":"^2.0.0","@types/secp256k1":"^3.5.3","@types/semaphore":"^1.1.0","@types/semver":"^7.1.0","@types/semver-compare":"^1.0.1","@types/send":"^0.14.5","@types/serve-static":"^1.13.3","@types/set-value":"^2.0.0","@types/setimmediate":"^1.0.0","@types/sha.js":"^2.4.0","@types/shebang-command":"^1.2.0","@types/shell-quote":"^1.6.1","@types/shelljs":"^0.8.7","@types/signal-exit":"^3.0.0","@types/single-line-log":"^1.1.0","@types/sinon-chai":"^3.2.3","@types/sjcl":"^1.0.29","@types/slice-ansi":"^2.0.0","@types/source-map-support":"^0.5.1","@types/spdx-correct":"^2.0.0","@types/sprintf":"^0.1.0","@types/sprintf-js":"^1.1.2","@types/sqlite3":"^3.1.6","@types/sshpk":"^1.10.4","@types/stack-utils":"^1.0.1","@types/statuses":"^1.5.0","@types/stream-buffers":"^3.0.3","@types/strict-uri-encode":"^2.0.0","@types/supports-color":"^5.3.0","@types/svgo":"^1.3.1","@types/symbol-tree":"^3.2.0","@types/table":"^4.0.7","@types/tail":"^2.0.0","@types/tapable":"^1.0.5","@types/tape":"^4.2.34","@types/tar":"^4.0.3","@types/tar-stream":"^2.1.0","@types/temp":"^0.8.34","@types/text-table":"^0.2.1","@types/throttleit":"^1.0.0","@types/through":"0.0.30","@types/through2":"^2.0.34","@types/tiny-secp256k1":"^1.0.0","@types/tmp":"^0.1.0","@types/tough-cookie":"^2.3.6","@types/type-check":"^0.3.27","@types/type-detect":"^4.0.1","@types/type-is":"^1.6.3","@types/ua-parser-js":"^0.7.33","@types/uglify-es":"^3.0.0","@types/uglify-js":"^3.0.4","@types/underscore":"^1.9.4","@types/universalify":"^1.0.0","@types/unorm":"^1.3.27","@types/update-notifier":"^4.1.0","@types/urix":"^0.1.0","@types/utf8":"^2.1.6","@types/util-deprecate":"^1.0.0","@types/util.promisify":"^1.0.3","@types/utils-merge":"0.0.28","@types/uuid":"^7.0.2","@types/v8flags":"^3.1.1","@types/validator":"^12.0.1","@types/vary":"^1.1.0","@types/verror":"^1.10.3","@types/warning":"^3.0.0","@types/watch":"^1.0.1","@types/web3-provider-engine":"^14.0.0","@types/webidl-conversions":"^5.0.0","@types/websocket":"^1.0.0","@types/whatwg-mimetype":"^2.1.0","@types/whatwg-url":"^6.4.0","@types/which":"^1.3.2","@types/wif":"^2.0.1","@types/window-or-global":"^1.0.1","@types/window-size":"^0.2.4","@types/wordwrap":"^1.0.0","@types/wrap-ansi":"^3.0.0","@types/write":"^2.0.0","@types/write-file-atomic":"^3.0.0","@types/ws":"^7.2.3","@types/xml2js":"^0.4.5","@types/xmldoc":"^1.1.4","@types/xmldom":"^0.1.29","@types/xtend":"^4.0.2","@types/y18n":"^4.0.0","@types/yallist":"^3.0.1","@types/yargs":"^15.0.4","@types/yargs-parser":"^15.0.0","@types/yauzl":"^2.9.1"}}
[16:41:23.33] Loaded content of '/home/cl/.cache/typescript/3.7/package-lock.json'
[16:41:23.47] Adding entry into typings cache: 'abbrev' => '/home/cl/.cache/typescript/3.7/node_modules/@types/abbrev/index.d.ts'
[16:41:23.50] Adding entry into typings cache: 'accepts' => '/home/cl/.cache/typescript/3.7/node_modules/@types/accepts/index.d.ts'
[16:41:23.51] Adding entry into typings cache: 'acorn' => '/home/cl/.cache/typescript/3.7/node_modules/@types/acorn/index.d.ts'
[16:41:23.53] Adding entry into typings cache: 'aes-js' => '/home/cl/.cache/typescript/3.7/node_modules/@types/aes-js/index.d.ts'
[16:41:23.55] Adding entry into typings cache: 'agent-base' => '/home/cl/.cache/typescript/3.7/node_modules/@types/agent-base/index.d.ts'
[16:41:23.58] Adding entry into typings cache: 'airbnb-prop-types' => '/home/cl/.cache/typescript/3.7/node_modules/@types/airbnb-prop-types/index.d.ts'
[16:41:23.60] Adding entry into typings cache: 'ansi' => '/home/cl/.cache/typescript/3.7/node_modules/@types/ansi/index.d.ts'
[16:41:23.63] Adding entry into typings cache: 'ansi-styles' => '/home/cl/.cache/typescript/3.7/node_modules/@types/ansi-styles/index.d.ts'
[16:41:23.65] Adding entry into typings cache: 'anymatch' => '/home/cl/.cache/typescript/3.7/node_modules/@types/anymatch/index.d.ts'
[16:41:23.70] Adding entry into typings cache: 'app-root-path' => '/home/cl/.cache/typescript/3.7/node_modules/@types/app-root-path/index.d.ts'
[16:41:23.72] Adding entry into typings cache: 'are-we-there-yet' => '/home/cl/.cache/typescript/3.7/node_modules/@types/are-we-there-yet/index.d.ts'
[16:41:23.75] Adding entry into typings cache: 'argparse' => '/home/cl/.cache/typescript/3.7/node_modules/@types/argparse/index.d.ts'
[16:41:23.77] Adding entry into typings cache: 'arr-diff' => '/home/cl/.cache/typescript/3.7/node_modules/@types/arr-diff/index.d.ts'
[16:41:23.82] Adding entry into typings cache: 'arr-union' => '/home/cl/.cache/typescript/3.7/node_modules/@types/arr-union/index.d.ts'
[16:41:23.84] Adding entry into typings cache: 'array-find-index' => '/home/cl/.cache/typescript/3.7/node_modules/@types/array-find-index/index.d.ts'
[16:41:23.86] Adding entry into typings cache: 'array-unique' => '/home/cl/.cache/typescript/3.7/node_modules/@types/array-unique/index.d.ts'
[16:41:23.89] Adding entry into typings cache: 'array.prototype.flat' => '/home/cl/.cache/typescript/3.7/node_modules/@types/array.prototype.flat/index.d.ts'
[16:41:23.91] Adding entry into typings cache: 'asap' => '/home/cl/.cache/typescript/3.7/node_modules/@types/asap/index.d.ts'
[16:41:23.93] Adding entry into typings cache: 'asn1' => '/home/cl/.cache/typescript/3.7/node_modules/@types/asn1/index.d.ts'
[16:41:23.100] Adding entry into typings cache: 'assert' => '/home/cl/.cache/typescript/3.7/node_modules/@types/assert/ts3.7/index.d.ts'
[16:41:23.104] Adding entry into typings cache: 'assert-plus' => '/home/cl/.cache/typescript/3.7/node_modules/@types/assert-plus/index.d.ts'
[16:41:23.106] Adding entry into typings cache: 'async' => '/home/cl/.cache/typescript/3.7/node_modules/@types/async/index.d.ts'
[16:41:23.109] Adding entry into typings cache: 'async-eventemitter' => '/home/cl/.cache/typescript/3.7/node_modules/@types/async-eventemitter/index.d.ts'
[16:41:23.111] Adding entry into typings cache: 'atob' => '/home/cl/.cache/typescript/3.7/node_modules/@types/atob/index.d.ts'
[16:41:23.113] Adding entry into typings cache: 'aws4' => '/home/cl/.cache/typescript/3.7/node_modules/@types/aws4/index.d.ts'
[16:41:23.115] Adding entry into typings cache: 'babel-plugin-macros' => '/home/cl/.cache/typescript/3.7/node_modules/@types/babel-plugin-macros/index.d.ts'
[16:41:23.122] Adding entry into typings cache: 'babel-plugin-syntax-jsx' => '/home/cl/.cache/typescript/3.7/node_modules/@types/babel-plugin-syntax-jsx/index.d.ts'
[16:41:23.124] Adding entry into typings cache: 'babel__core' => '/home/cl/.cache/typescript/3.7/node_modules/@types/babel__core/index.d.ts'
[16:41:23.125] Adding entry into typings cache: 'balanced-match' => '/home/cl/.cache/typescript/3.7/node_modules/@types/balanced-match/index.d.ts'
[16:41:23.128] Adding entry into typings cache: 'base-64' => '/home/cl/.cache/typescript/3.7/node_modules/@types/base-64/index.d.ts'
[16:41:23.129] Adding entry into typings cache: 'base64-js' => '/home/cl/.cache/typescript/3.7/node_modules/@types/base64-js/index.d.ts'
[16:41:23.131] Adding entry into typings cache: 'basic-auth' => '/home/cl/.cache/typescript/3.7/node_modules/@types/basic-auth/index.d.ts'
[16:41:23.133] Adding entry into typings cache: 'big.js' => '/home/cl/.cache/typescript/3.7/node_modules/@types/big.js/index.d.ts'
[16:41:23.134] Adding entry into typings cache: 'bindings' => '/home/cl/.cache/typescript/3.7/node_modules/@types/bindings/index.d.ts'
[16:41:23.136] Adding entry into typings cache: 'bl' => '/home/cl/.cache/typescript/3.7/node_modules/@types/bl/index.d.ts'
[16:41:23.137] Adding entry into typings cache: 'bluebird' => '/home/cl/.cache/typescript/3.7/node_modules/@types/bluebird/index.d.ts'
[16:41:23.138] Adding entry into typings cache: 'bn.js' => '/home/cl/.cache/typescript/3.7/node_modules/@types/bn.js/index.d.ts'
[16:41:23.140] Adding entry into typings cache: 'body-parser' => '/home/cl/.cache/typescript/3.7/node_modules/@types/body-parser/index.d.ts'
[16:41:23.141] Adding entry into typings cache: 'brace-expansion' => '/home/cl/.cache/typescript/3.7/node_modules/@types/brace-expansion/index.d.ts'
[16:41:23.143] Adding entry into typings cache: 'braces' => '/home/cl/.cache/typescript/3.7/node_modules/@types/braces/index.d.ts'
[16:41:23.144] Adding entry into typings cache: 'brorand' => '/home/cl/.cache/typescript/3.7/node_modules/@types/brorand/index.d.ts'
[16:41:23.146] Adding entry into typings cache: 'browser-resolve' => '/home/cl/.cache/typescript/3.7/node_modules/@types/browser-resolve/index.d.ts'
[16:41:23.149] Adding entry into typings cache: 'bs58' => '/home/cl/.cache/typescript/3.7/node_modules/@types/bs58/index.d.ts'
[16:41:23.150] Adding entry into typings cache: 'bser' => '/home/cl/.cache/typescript/3.7/node_modules/@types/bser/index.d.ts'
[16:41:23.154] Adding entry into typings cache: 'buffer-crc32' => '/home/cl/.cache/typescript/3.7/node_modules/@types/buffer-crc32/index.d.ts'
[16:41:23.158] Adding entry into typings cache: 'buffer-from' => '/home/cl/.cache/typescript/3.7/node_modules/@types/buffer-from/index.d.ts'
[16:41:23.159] Adding entry into typings cache: 'buffer-xor' => '/home/cl/.cache/typescript/3.7/node_modules/@types/buffer-xor/index.d.ts'
[16:41:23.161] Adding entry into typings cache: 'bunyan' => '/home/cl/.cache/typescript/3.7/node_modules/@types/bunyan/index.d.ts'
[16:41:23.164] Adding entry into typings cache: 'bytes' => '/home/cl/.cache/typescript/3.7/node_modules/@types/bytes/index.d.ts'
[16:41:23.166] Adding entry into typings cache: 'case-sensitive-paths-webpack-plugin' => '/home/cl/.cache/typescript/3.7/node_modules/@types/case-sensitive-paths-webpack-plugin/index.d.ts'
[16:41:23.168] Adding entry into typings cache: 'caseless' => '/home/cl/.cache/typescript/3.7/node_modules/@types/caseless/index.d.ts'
[16:41:23.173] Adding entry into typings cache: 'chai' => '/home/cl/.cache/typescript/3.7/node_modules/@types/chai/index.d.ts'
[16:41:23.175] Adding entry into typings cache: 'chai-as-promised' => '/home/cl/.cache/typescript/3.7/node_modules/@types/chai-as-promised/index.d.ts'
[16:41:23.176] Adding entry into typings cache: 'chardet' => '/home/cl/.cache/typescript/3.7/node_modules/@types/chardet/index.d.ts'
[16:41:23.178] Adding entry into typings cache: 'check-error' => '/home/cl/.cache/typescript/3.7/node_modules/@types/check-error/index.d.ts'
[16:41:23.179] Adding entry into typings cache: 'cheerio' => '/home/cl/.cache/typescript/3.7/node_modules/@types/cheerio/index.d.ts'
[16:41:23.182] Adding entry into typings cache: 'child-process-promise' => '/home/cl/.cache/typescript/3.7/node_modules/@types/child-process-promise/index.d.ts'
[16:41:23.184] Adding entry into typings cache: 'chownr' => '/home/cl/.cache/typescript/3.7/node_modules/@types/chownr/index.d.ts'
[16:41:23.186] Adding entry into typings cache: 'ci-info' => '/home/cl/.cache/typescript/3.7/node_modules/@types/ci-info/index.d.ts'
[16:41:23.189] Adding entry into typings cache: 'cipher-base' => '/home/cl/.cache/typescript/3.7/node_modules/@types/cipher-base/index.d.ts'
[16:41:23.190] Adding entry into typings cache: 'cli-spinners' => '/home/cl/.cache/typescript/3.7/node_modules/@types/cli-spinners/index.d.ts'
[16:41:23.192] Adding entry into typings cache: 'clone' => '/home/cl/.cache/typescript/3.7/node_modules/@types/clone/index.d.ts'
[16:41:23.193] Adding entry into typings cache: 'clone-deep' => '/home/cl/.cache/typescript/3.7/node_modules/@types/clone-deep/index.d.ts'
[16:41:23.196] Adding entry into typings cache: 'co' => '/home/cl/.cache/typescript/3.7/node_modules/@types/co/index.d.ts'
[16:41:23.197] Adding entry into typings cache: 'coinstring' => '/home/cl/.cache/typescript/3.7/node_modules/@types/coinstring/index.d.ts'
[16:41:23.199] Adding entry into typings cache: 'color' => '/home/cl/.cache/typescript/3.7/node_modules/@types/color/index.d.ts'
[16:41:23.200] Adding entry into typings cache: 'color-convert' => '/home/cl/.cache/typescript/3.7/node_modules/@types/color-convert/index.d.ts'
[16:41:23.202] Adding entry into typings cache: 'color-name' => '/home/cl/.cache/typescript/3.7/node_modules/@types/color-name/index.d.ts'
[16:41:23.203] Adding entry into typings cache: 'color-string' => '/home/cl/.cache/typescript/3.7/node_modules/@types/color-string/index.d.ts'
[16:41:23.204] Adding entry into typings cache: 'color-support' => '/home/cl/.cache/typescript/3.7/node_modules/@types/color-support/index.d.ts'
[16:41:23.208] Adding entry into typings cache: 'combined-stream' => '/home/cl/.cache/typescript/3.7/node_modules/@types/combined-stream/index.d.ts'
[16:41:23.210] Adding entry into typings cache: 'common-tags' => '/home/cl/.cache/typescript/3.7/node_modules/@types/common-tags/index.d.ts'
[16:41:23.212] Adding entry into typings cache: 'commondir' => '/home/cl/.cache/typescript/3.7/node_modules/@types/commondir/index.d.ts'
[16:41:23.214] Adding entry into typings cache: 'component-emitter' => '/home/cl/.cache/typescript/3.7/node_modules/@types/component-emitter/index.d.ts'
[16:41:23.215] Adding entry into typings cache: 'compressible' => '/home/cl/.cache/typescript/3.7/node_modules/@types/compressible/index.d.ts'
[16:41:23.217] Adding entry into typings cache: 'compression' => '/home/cl/.cache/typescript/3.7/node_modules/@types/compression/index.d.ts'
[16:41:23.218] Adding entry into typings cache: 'concat-map' => '/home/cl/.cache/typescript/3.7/node_modules/@types/concat-map/index.d.ts'
[16:41:23.219] Adding entry into typings cache: 'concat-stream' => '/home/cl/.cache/typescript/3.7/node_modules/@types/concat-stream/index.d.ts'
[16:41:23.221] Adding entry into typings cache: 'configstore' => '/home/cl/.cache/typescript/3.7/node_modules/@types/configstore/index.d.ts'
[16:41:23.222] Adding entry into typings cache: 'connect' => '/home/cl/.cache/typescript/3.7/node_modules/@types/connect/index.d.ts'
[16:41:23.223] Adding entry into typings cache: 'content-disposition' => '/home/cl/.cache/typescript/3.7/node_modules/@types/content-disposition/index.d.ts'
[16:41:23.225] Adding entry into typings cache: 'content-type' => '/home/cl/.cache/typescript/3.7/node_modules/@types/content-type/index.d.ts'
[16:41:23.226] Adding entry into typings cache: 'convert-source-map' => '/home/cl/.cache/typescript/3.7/node_modules/@types/convert-source-map/index.d.ts'
[16:41:23.229] Adding entry into typings cache: 'cookie' => '/home/cl/.cache/typescript/3.7/node_modules/@types/cookie/index.d.ts'
[16:41:23.230] Adding entry into typings cache: 'cookie-signature' => '/home/cl/.cache/typescript/3.7/node_modules/@types/cookie-signature/index.d.ts'
[16:41:23.232] Adding entry into typings cache: 'core-js' => '/home/cl/.cache/typescript/3.7/node_modules/@types/core-js/index.d.ts'
[16:41:23.233] Adding entry into typings cache: 'cors' => '/home/cl/.cache/typescript/3.7/node_modules/@types/cors/index.d.ts'
[16:41:23.235] Adding entry into typings cache: 'create-hash' => '/home/cl/.cache/typescript/3.7/node_modules/@types/create-hash/index.d.ts'
[16:41:23.237] Adding entry into typings cache: 'create-hmac' => '/home/cl/.cache/typescript/3.7/node_modules/@types/create-hmac/index.d.ts'
[16:41:23.238] Adding entry into typings cache: 'create-react-class' => '/home/cl/.cache/typescript/3.7/node_modules/@types/create-react-class/index.d.ts'
[16:41:23.239] Adding entry into typings cache: 'cross-spawn' => '/home/cl/.cache/typescript/3.7/node_modules/@types/cross-spawn/index.d.ts'
[16:41:23.240] Adding entry into typings cache: 'crypto-js' => '/home/cl/.cache/typescript/3.7/node_modules/@types/crypto-js/index.d.ts'
[16:41:23.242] Adding entry into typings cache: 'css-tree' => '/home/cl/.cache/typescript/3.7/node_modules/@types/css-tree/index.d.ts'
[16:41:23.243] Adding entry into typings cache: 'csso' => '/home/cl/.cache/typescript/3.7/node_modules/@types/csso/index.d.ts'
[16:41:23.244] Adding entry into typings cache: 'dashify' => '/home/cl/.cache/typescript/3.7/node_modules/@types/dashify/index.d.ts'
[16:41:23.246] Adding entry into typings cache: 'debounce' => '/home/cl/.cache/typescript/3.7/node_modules/@types/debounce/index.d.ts'
[16:41:23.248] Adding entry into typings cache: 'debug' => '/home/cl/.cache/typescript/3.7/node_modules/@types/debug/index.d.ts'
[16:41:23.250] Adding entry into typings cache: 'decode-uri-component' => '/home/cl/.cache/typescript/3.7/node_modules/@types/decode-uri-component/index.d.ts'
[16:41:23.251] Adding entry into typings cache: 'decompress' => '/home/cl/.cache/typescript/3.7/node_modules/@types/decompress/index.d.ts'
[16:41:23.252] Adding entry into typings cache: 'dedent' => '/home/cl/.cache/typescript/3.7/node_modules/@types/dedent/index.d.ts'
[16:41:23.253] Adding entry into typings cache: 'deep-equal' => '/home/cl/.cache/typescript/3.7/node_modules/@types/deep-equal/index.d.ts'
[16:41:23.255] Adding entry into typings cache: 'deep-extend' => '/home/cl/.cache/typescript/3.7/node_modules/@types/deep-extend/index.d.ts'
[16:41:23.257] Adding entry into typings cache: 'define-properties' => '/home/cl/.cache/typescript/3.7/node_modules/@types/define-properties/index.d.ts'
[16:41:23.258] Adding entry into typings cache: 'defined' => '/home/cl/.cache/typescript/3.7/node_modules/@types/defined/index.d.ts'
[16:41:23.259] Adding entry into typings cache: 'denodeify' => '/home/cl/.cache/typescript/3.7/node_modules/@types/denodeify/index.d.ts'
[16:41:23.260] Adding entry into typings cache: 'depd' => '/home/cl/.cache/typescript/3.7/node_modules/@types/depd/index.d.ts'
[16:41:23.262] Adding entry into typings cache: 'destroy' => '/home/cl/.cache/typescript/3.7/node_modules/@types/destroy/index.d.ts'
[16:41:23.263] Adding entry into typings cache: 'detect-node' => '/home/cl/.cache/typescript/3.7/node_modules/@types/detect-node/index.d.ts'
[16:41:23.264] Adding entry into typings cache: 'detox' => '/home/cl/.cache/typescript/3.7/node_modules/@types/detox/index.d.ts'
[16:41:23.266] Adding entry into typings cache: 'diff' => '/home/cl/.cache/typescript/3.7/node_modules/@types/diff/index.d.ts'
[16:41:23.267] Adding entry into typings cache: 'diff-match-patch' => '/home/cl/.cache/typescript/3.7/node_modules/@types/diff-match-patch/index.d.ts'
[16:41:23.268] Adding entry into typings cache: 'diffie-hellman' => '/home/cl/.cache/typescript/3.7/node_modules/@types/diffie-hellman/index.d.ts'
[16:41:23.269] Adding entry into typings cache: 'discontinuous-range' => '/home/cl/.cache/typescript/3.7/node_modules/@types/discontinuous-range/index.d.ts'
[16:41:23.271] Adding entry into typings cache: 'doctrine' => '/home/cl/.cache/typescript/3.7/node_modules/@types/doctrine/index.d.ts'
[16:41:23.272] Adding entry into typings cache: 'domexception' => '/home/cl/.cache/typescript/3.7/node_modules/@types/domexception/index.d.ts'
[16:41:23.273] Adding entry into typings cache: 'domhandler' => '/home/cl/.cache/typescript/3.7/node_modules/@types/domhandler/index.d.ts'
[16:41:23.274] Adding entry into typings cache: 'domutils' => '/home/cl/.cache/typescript/3.7/node_modules/@types/domutils/index.d.ts'
[16:41:23.276] Adding entry into typings cache: 'duplexer3' => '/home/cl/.cache/typescript/3.7/node_modules/@types/duplexer3/index.d.ts'
[16:41:23.277] Adding entry into typings cache: 'ee-first' => '/home/cl/.cache/typescript/3.7/node_modules/@types/ee-first/index.d.ts'
[16:41:23.278] Adding entry into typings cache: 'elliptic' => '/home/cl/.cache/typescript/3.7/node_modules/@types/elliptic/index.d.ts'
[16:41:23.279] Adding entry into typings cache: 'encodeurl' => '/home/cl/.cache/typescript/3.7/node_modules/@types/encodeurl/index.d.ts'
[16:41:23.281] Adding entry into typings cache: 'end-of-stream' => '/home/cl/.cache/typescript/3.7/node_modules/@types/end-of-stream/index.d.ts'
[16:41:23.282] Adding entry into typings cache: 'enhanced-resolve' => '/home/cl/.cache/typescript/3.7/node_modules/@types/enhanced-resolve/index.d.ts'
[16:41:23.285] Adding entry into typings cache: 'entities' => '/home/cl/.cache/typescript/3.7/node_modules/@types/entities/index.d.ts'
[16:41:23.286] Adding entry into typings cache: 'enzyme' => '/home/cl/.cache/typescript/3.7/node_modules/@types/enzyme/index.d.ts'
[16:41:23.288] Adding entry into typings cache: 'enzyme-adapter-react-16' => '/home/cl/.cache/typescript/3.7/node_modules/@types/enzyme-adapter-react-16/index.d.ts'
[16:41:23.290] Adding entry into typings cache: 'enzyme-to-json' => '/home/cl/.cache/typescript/3.7/node_modules/@types/enzyme-to-json/index.d.ts'
[16:41:23.291] Adding entry into typings cache: 'errorhandler' => '/home/cl/.cache/typescript/3.7/node_modules/@types/errorhandler/index.d.ts'
[16:41:23.294] Adding entry into typings cache: 'es-to-primitive' => '/home/cl/.cache/typescript/3.7/node_modules/@types/es-to-primitive/ts3.1/index.d.ts'
[16:41:23.295] Adding entry into typings cache: 'es6-promisify' => '/home/cl/.cache/typescript/3.7/node_modules/@types/es6-promisify/index.d.ts'
[16:41:23.296] Adding entry into typings cache: 'escape-html' => '/home/cl/.cache/typescript/3.7/node_modules/@types/escape-html/index.d.ts'
[16:41:23.297] Adding entry into typings cache: 'escodegen' => '/home/cl/.cache/typescript/3.7/node_modules/@types/escodegen/index.d.ts'
[16:41:23.299] Adding entry into typings cache: 'eslint' => '/home/cl/.cache/typescript/3.7/node_modules/@types/eslint/ts3.1/index.d.ts'
[16:41:23.300] Adding entry into typings cache: 'eslint-plugin-prettier' => '/home/cl/.cache/typescript/3.7/node_modules/@types/eslint-plugin-prettier/index.d.ts'
[16:41:23.301] Adding entry into typings cache: 'eslint-scope' => '/home/cl/.cache/typescript/3.7/node_modules/@types/eslint-scope/index.d.ts'
[16:41:23.302] Adding entry into typings cache: 'eslint-visitor-keys' => '/home/cl/.cache/typescript/3.7/node_modules/@types/eslint-visitor-keys/index.d.ts'
[16:41:23.303] Adding entry into typings cache: 'esprima' => '/home/cl/.cache/typescript/3.7/node_modules/@types/esprima/index.d.ts'
[16:41:23.305] Adding entry into typings cache: 'esquery' => '/home/cl/.cache/typescript/3.7/node_modules/@types/esquery/index.d.ts'
[16:41:23.306] Adding entry into typings cache: 'estraverse' => '/home/cl/.cache/typescript/3.7/node_modules/@types/estraverse/index.d.ts'
[16:41:23.307] Adding entry into typings cache: 'etag' => '/home/cl/.cache/typescript/3.7/node_modules/@types/etag/index.d.ts'
[16:41:23.308] Adding entry into typings cache: 'events' => '/home/cl/.cache/typescript/3.7/node_modules/@types/events/index.d.ts'
[16:41:23.309] Adding entry into typings cache: 'exit' => '/home/cl/.cache/typescript/3.7/node_modules/@types/exit/index.d.ts'
[16:41:23.311] Adding entry into typings cache: 'expand-tilde' => '/home/cl/.cache/typescript/3.7/node_modules/@types/expand-tilde/index.d.ts'
[16:41:23.312] Adding entry into typings cache: 'express' => '/home/cl/.cache/typescript/3.7/node_modules/@types/express/index.d.ts'
[16:41:23.313] Adding entry into typings cache: 'extend' => '/home/cl/.cache/typescript/3.7/node_modules/@types/extend/index.d.ts'
[16:41:23.314] Adding entry into typings cache: 'extract-zip' => '/home/cl/.cache/typescript/3.7/node_modules/@types/extract-zip/index.d.ts'
[16:41:23.315] Adding entry into typings cache: 'extsprintf' => '/home/cl/.cache/typescript/3.7/node_modules/@types/extsprintf/index.d.ts'
[16:41:23.317] Adding entry into typings cache: 'fancy-log' => '/home/cl/.cache/typescript/3.7/node_modules/@types/fancy-log/index.d.ts'
[16:41:23.318] Adding entry into typings cache: 'fast-json-stable-stringify' => '/home/cl/.cache/typescript/3.7/node_modules/@types/fast-json-stable-stringify/index.d.ts'
[16:41:23.319] Adding entry into typings cache: 'fast-levenshtein' => '/home/cl/.cache/typescript/3.7/node_modules/@types/fast-levenshtein/index.d.ts'
[16:41:23.320] Adding entry into typings cache: 'fb-watchman' => '/home/cl/.cache/typescript/3.7/node_modules/@types/fb-watchman/index.d.ts'
[16:41:23.321] Adding entry into typings cache: 'figlet' => '/home/cl/.cache/typescript/3.7/node_modules/@types/figlet/index.d.ts'
[16:41:23.323] Adding entry into typings cache: 'file-entry-cache' => '/home/cl/.cache/typescript/3.7/node_modules/@types/file-entry-cache/index.d.ts'
[16:41:23.324] Adding entry into typings cache: 'finalhandler' => '/home/cl/.cache/typescript/3.7/node_modules/@types/finalhandler/index.d.ts'
[16:41:23.325] Adding entry into typings cache: 'find-cache-dir' => '/home/cl/.cache/typescript/3.7/node_modules/@types/find-cache-dir/index.d.ts'
[16:41:23.326] Adding entry into typings cache: 'find-root' => '/home/cl/.cache/typescript/3.7/node_modules/@types/find-root/index.d.ts'
[16:41:23.327] Adding entry into typings cache: 'findup-sync' => '/home/cl/.cache/typescript/3.7/node_modules/@types/findup-sync/index.d.ts'
[16:41:23.329] Adding entry into typings cache: 'flat-cache' => '/home/cl/.cache/typescript/3.7/node_modules/@types/flat-cache/index.d.ts'
[16:41:23.330] Adding entry into typings cache: 'forever-agent' => '/home/cl/.cache/typescript/3.7/node_modules/@types/forever-agent/index.d.ts'
[16:41:23.331] Adding entry into typings cache: 'forwarded' => '/home/cl/.cache/typescript/3.7/node_modules/@types/forwarded/index.d.ts'
[16:41:23.333] Adding entry into typings cache: 'fresh' => '/home/cl/.cache/typescript/3.7/node_modules/@types/fresh/index.d.ts'
[16:41:23.340] Adding entry into typings cache: 'fs-extra' => '/home/cl/.cache/typescript/3.7/node_modules/@types/fs-extra/index.d.ts'
[16:41:23.342] Adding entry into typings cache: 'fs-readdir-recursive' => '/home/cl/.cache/typescript/3.7/node_modules/@types/fs-readdir-recursive/index.d.ts'
[16:41:23.345] Adding entry into typings cache: 'function-bind' => '/home/cl/.cache/typescript/3.7/node_modules/@types/function-bind/ts3.3/index.d.ts'
[16:41:23.347] Adding entry into typings cache: 'get-caller-file' => '/home/cl/.cache/typescript/3.7/node_modules/@types/get-caller-file/index.d.ts'
[16:41:23.350] Adding entry into typings cache: 'get-func-name' => '/home/cl/.cache/typescript/3.7/node_modules/@types/get-func-name/index.d.ts'
[16:41:23.354] Adding entry into typings cache: 'get-value' => '/home/cl/.cache/typescript/3.7/node_modules/@types/get-value/index.d.ts'
[16:41:23.357] Adding entry into typings cache: 'getpass' => '/home/cl/.cache/typescript/3.7/node_modules/@types/getpass/index.d.ts'
[16:41:23.358] Adding entry into typings cache: 'glob' => '/home/cl/.cache/typescript/3.7/node_modules/@types/glob/index.d.ts'
[16:41:23.359] Adding entry into typings cache: 'glob-base' => '/home/cl/.cache/typescript/3.7/node_modules/@types/glob-base/index.d.ts'
[16:41:23.360] Adding entry into typings cache: 'glob-parent' => '/home/cl/.cache/typescript/3.7/node_modules/@types/glob-parent/index.d.ts'
[16:41:23.362] Adding entry into typings cache: 'global-modules' => '/home/cl/.cache/typescript/3.7/node_modules/@types/global-modules/index.d.ts'
[16:41:23.363] Adding entry into typings cache: 'global-prefix' => '/home/cl/.cache/typescript/3.7/node_modules/@types/global-prefix/index.d.ts'
[16:41:23.364] Adding entry into typings cache: 'got' => '/home/cl/.cache/typescript/3.7/node_modules/@types/got/index.d.ts'
[16:41:23.366] Adding entry into typings cache: 'graceful-fs' => '/home/cl/.cache/typescript/3.7/node_modules/@types/graceful-fs/index.d.ts'
[16:41:23.367] Adding entry into typings cache: 'has-ansi' => '/home/cl/.cache/typescript/3.7/node_modules/@types/has-ansi/index.d.ts'
[16:41:23.368] Adding entry into typings cache: 'hdkey' => '/home/cl/.cache/typescript/3.7/node_modules/@types/hdkey/index.d.ts'
[16:41:23.369] Adding entry into typings cache: 'highlight.js' => '/home/cl/.cache/typescript/3.7/node_modules/@types/highlight.js/index.d.ts'
[16:41:23.371] Adding entry into typings cache: 'hosted-git-info' => '/home/cl/.cache/typescript/3.7/node_modules/@types/hosted-git-info/index.d.ts'
[16:41:23.373] Adding entry into typings cache: 'htmlparser2' => '/home/cl/.cache/typescript/3.7/node_modules/@types/htmlparser2/index.d.ts'
[16:41:23.374] Adding entry into typings cache: 'http-errors' => '/home/cl/.cache/typescript/3.7/node_modules/@types/http-errors/index.d.ts'
[16:41:23.376] Adding entry into typings cache: 'i18n-js' => '/home/cl/.cache/typescript/3.7/node_modules/@types/i18n-js/index.d.ts'
[16:41:23.377] Adding entry into typings cache: 'ignore-walk' => '/home/cl/.cache/typescript/3.7/node_modules/@types/ignore-walk/index.d.ts'
[16:41:23.379] Adding entry into typings cache: 'immediate' => '/home/cl/.cache/typescript/3.7/node_modules/@types/immediate/index.d.ts'
[16:41:23.380] Adding entry into typings cache: 'imurmurhash' => '/home/cl/.cache/typescript/3.7/node_modules/@types/imurmurhash/index.d.ts'
[16:41:23.381] Adding entry into typings cache: 'inherits' => '/home/cl/.cache/typescript/3.7/node_modules/@types/inherits/index.d.ts'
[16:41:23.385] Adding entry into typings cache: 'ini' => '/home/cl/.cache/typescript/3.7/node_modules/@types/ini/index.d.ts'
[16:41:23.387] Adding entry into typings cache: 'inquirer' => '/home/cl/.cache/typescript/3.7/node_modules/@types/inquirer/index.d.ts'
[16:41:23.389] Adding entry into typings cache: 'interpret' => '/home/cl/.cache/typescript/3.7/node_modules/@types/interpret/index.d.ts'
[16:41:23.390] Adding entry into typings cache: 'invariant' => '/home/cl/.cache/typescript/3.7/node_modules/@types/invariant/ts3.7/index.d.ts'
[16:41:23.392] Adding entry into typings cache: 'ip' => '/home/cl/.cache/typescript/3.7/node_modules/@types/ip/index.d.ts'
[16:41:23.393] Adding entry into typings cache: 'is-buffer' => '/home/cl/.cache/typescript/3.7/node_modules/@types/is-buffer/index.d.ts'
[16:41:23.394] Adding entry into typings cache: 'is-callable' => '/home/cl/.cache/typescript/3.7/node_modules/@types/is-callable/index.d.ts'
[16:41:23.396] Adding entry into typings cache: 'is-ci' => '/home/cl/.cache/typescript/3.7/node_modules/@types/is-ci/index.d.ts'
[16:41:23.397] Adding entry into typings cache: 'is-date-object' => '/home/cl/.cache/typescript/3.7/node_modules/@types/is-date-object/index.d.ts'
[16:41:23.400] Adding entry into typings cache: 'is-dotfile' => '/home/cl/.cache/typescript/3.7/node_modules/@types/is-dotfile/index.d.ts'
[16:41:23.401] Adding entry into typings cache: 'is-finite' => '/home/cl/.cache/typescript/3.7/node_modules/@types/is-finite/index.d.ts'
[16:41:23.403] Adding entry into typings cache: 'is-function' => '/home/cl/.cache/typescript/3.7/node_modules/@types/is-function/index.d.ts'
[16:41:23.403] Adding entry into typings cache: 'is-generator-function' => '/home/cl/.cache/typescript/3.7/node_modules/@types/is-generator-function/index.d.ts'
[16:41:23.404] Adding entry into typings cache: 'is-glob' => '/home/cl/.cache/typescript/3.7/node_modules/@types/is-glob/index.d.ts'
[16:41:23.405] Adding entry into typings cache: 'is-natural-number' => '/home/cl/.cache/typescript/3.7/node_modules/@types/is-natural-number/index.d.ts'
[16:41:23.406] Adding entry into typings cache: 'is-number' => '/home/cl/.cache/typescript/3.7/node_modules/@types/is-number/index.d.ts'
[16:41:23.406] Adding entry into typings cache: 'is-object' => '/home/cl/.cache/typescript/3.7/node_modules/@types/is-object/index.d.ts'
[16:41:23.407] Adding entry into typings cache: 'is-promise' => '/home/cl/.cache/typescript/3.7/node_modules/@types/is-promise/index.d.ts'
[16:41:23.408] Adding entry into typings cache: 'is-typedarray' => '/home/cl/.cache/typescript/3.7/node_modules/@types/is-typedarray/index.d.ts'
[16:41:23.409] Adding entry into typings cache: 'is-windows' => '/home/cl/.cache/typescript/3.7/node_modules/@types/is-windows/index.d.ts'
[16:41:23.410] Adding entry into typings cache: 'isarray' => '/home/cl/.cache/typescript/3.7/node_modules/@types/isarray/index.d.ts'
[16:41:23.411] Adding entry into typings cache: 'isexe' => '/home/cl/.cache/typescript/3.7/node_modules/@types/isexe/index.d.ts'
[16:41:23.412] Adding entry into typings cache: 'isomorphic-fetch' => '/home/cl/.cache/typescript/3.7/node_modules/@types/isomorphic-fetch/index.d.ts'
[16:41:23.413] Adding entry into typings cache: 'isstream' => '/home/cl/.cache/typescript/3.7/node_modules/@types/isstream/index.d.ts'
[16:41:23.415] Adding entry into typings cache: 'istanbul-lib-coverage' => '/home/cl/.cache/typescript/3.7/node_modules/@types/istanbul-lib-coverage/index.d.ts'
[16:41:23.416] Adding entry into typings cache: 'istanbul-lib-instrument' => '/home/cl/.cache/typescript/3.7/node_modules/@types/istanbul-lib-instrument/index.d.ts'
[16:41:23.417] Adding entry into typings cache: 'istanbul-lib-report' => '/home/cl/.cache/typescript/3.7/node_modules/@types/istanbul-lib-report/index.d.ts'
[16:41:23.418] Adding entry into typings cache: 'istanbul-lib-source-maps' => '/home/cl/.cache/typescript/3.7/node_modules/@types/istanbul-lib-source-maps/index.d.ts'
[16:41:23.420] Adding entry into typings cache: 'istanbul-reports' => '/home/cl/.cache/typescript/3.7/node_modules/@types/istanbul-reports/index.d.ts'
[16:41:23.421] Adding entry into typings cache: 'js-yaml' => '/home/cl/.cache/typescript/3.7/node_modules/@types/js-yaml/index.d.ts'
[16:41:23.422] Adding entry into typings cache: 'jsbn' => '/home/cl/.cache/typescript/3.7/node_modules/@types/jsbn/index.d.ts'
[16:41:23.422] Adding entry into typings cache: 'jsdom' => '/home/cl/.cache/typescript/3.7/node_modules/@types/jsdom/ts3.1/index.d.ts'
[16:41:23.423] Adding entry into typings cache: 'jsesc' => '/home/cl/.cache/typescript/3.7/node_modules/@types/jsesc/index.d.ts'
[16:41:23.424] Adding entry into typings cache: 'json-parse-better-errors' => '/home/cl/.cache/typescript/3.7/node_modules/@types/json-parse-better-errors/index.d.ts'
[16:41:23.424] Adding entry into typings cache: 'json-schema' => '/home/cl/.cache/typescript/3.7/node_modules/@types/json-schema/index.d.ts'
[16:41:23.425] Adding entry into typings cache: 'json-schema-traverse' => '/home/cl/.cache/typescript/3.7/node_modules/@types/json-schema-traverse/index.d.ts'
[16:41:23.426] Adding entry into typings cache: 'json-stable-stringify' => '/home/cl/.cache/typescript/3.7/node_modules/@types/json-stable-stringify/index.d.ts'
[16:41:23.427] Adding entry into typings cache: 'json-stringify-safe' => '/home/cl/.cache/typescript/3.7/node_modules/@types/json-stringify-safe/index.d.ts'
[16:41:23.427] Adding entry into typings cache: 'json5' => '/home/cl/.cache/typescript/3.7/node_modules/@types/json5/index.d.ts'
[16:41:23.428] Adding entry into typings cache: 'jsonfile' => '/home/cl/.cache/typescript/3.7/node_modules/@types/jsonfile/index.d.ts'
[16:41:23.429] Adding entry into typings cache: 'jsonld' => '/home/cl/.cache/typescript/3.7/node_modules/@types/jsonld/index.d.ts'
[16:41:23.429] Adding entry into typings cache: 'kind-of' => '/home/cl/.cache/typescript/3.7/node_modules/@types/kind-of/index.d.ts'
[16:41:23.430] Adding entry into typings cache: 'klaw' => '/home/cl/.cache/typescript/3.7/node_modules/@types/klaw/index.d.ts'
[16:41:23.431] Adding entry into typings cache: 'level-codec' => '/home/cl/.cache/typescript/3.7/node_modules/@types/level-codec/index.d.ts'
[16:41:23.431] Adding entry into typings cache: 'levelup' => '/home/cl/.cache/typescript/3.7/node_modules/@types/levelup/index.d.ts'
[16:41:23.432] Adding entry into typings cache: 'loader-utils' => '/home/cl/.cache/typescript/3.7/node_modules/@types/loader-utils/index.d.ts'
[16:41:23.434] Adding entry into typings cache: 'lodash' => '/home/cl/.cache/typescript/3.7/node_modules/@types/lodash/ts3.1/index.d.ts'
[16:41:23.435] Adding entry into typings cache: 'lodash-es' => '/home/cl/.cache/typescript/3.7/node_modules/@types/lodash-es/index.d.ts'
[16:41:23.436] Adding entry into typings cache: 'lodash.assign' => '/home/cl/.cache/typescript/3.7/node_modules/@types/lodash.assign/index.d.ts'
[16:41:23.437] Adding entry into typings cache: 'lodash.escape' => '/home/cl/.cache/typescript/3.7/node_modules/@types/lodash.escape/index.d.ts'
[16:41:23.439] Adding entry into typings cache: 'lodash.flattendeep' => '/home/cl/.cache/typescript/3.7/node_modules/@types/lodash.flattendeep/index.d.ts'
[16:41:23.440] Adding entry into typings cache: 'lodash.isequal' => '/home/cl/.cache/typescript/3.7/node_modules/@types/lodash.isequal/index.d.ts'
[16:41:23.442] Adding entry into typings cache: 'lodash.isplainobject' => '/home/cl/.cache/typescript/3.7/node_modules/@types/lodash.isplainobject/index.d.ts'
[16:41:23.445] Adding entry into typings cache: 'lodash.merge' => '/home/cl/.cache/typescript/3.7/node_modules/@types/lodash.merge/index.d.ts'
[16:41:23.448] Adding entry into typings cache: 'lodash.pad' => '/home/cl/.cache/typescript/3.7/node_modules/@types/lodash.pad/index.d.ts'
[16:41:23.450] Adding entry into typings cache: 'lodash.padend' => '/home/cl/.cache/typescript/3.7/node_modules/@types/lodash.padend/index.d.ts'
[16:41:23.453] Adding entry into typings cache: 'lodash.padstart' => '/home/cl/.cache/typescript/3.7/node_modules/@types/lodash.padstart/index.d.ts'
[16:41:23.454] Adding entry into typings cache: 'lodash.sortby' => '/home/cl/.cache/typescript/3.7/node_modules/@types/lodash.sortby/index.d.ts'
[16:41:23.455] Adding entry into typings cache: 'lodash.throttle' => '/home/cl/.cache/typescript/3.7/node_modules/@types/lodash.throttle/index.d.ts'
[16:41:23.456] Adding entry into typings cache: 'lodash.unescape' => '/home/cl/.cache/typescript/3.7/node_modules/@types/lodash.unescape/index.d.ts'
[16:41:23.457] Adding entry into typings cache: 'lru-cache' => '/home/cl/.cache/typescript/3.7/node_modules/@types/lru-cache/index.d.ts'
[16:41:23.458] Adding entry into typings cache: 'math-random' => '/home/cl/.cache/typescript/3.7/node_modules/@types/math-random/index.d.ts'
[16:41:23.458] Adding entry into typings cache: 'media-typer' => '/home/cl/.cache/typescript/3.7/node_modules/@types/media-typer/index.d.ts'
[16:41:23.459] Adding entry into typings cache: 'memory-fs' => '/home/cl/.cache/typescript/3.7/node_modules/@types/memory-fs/index.d.ts'
[16:41:23.460] Adding entry into typings cache: 'memorystream' => '/home/cl/.cache/typescript/3.7/node_modules/@types/memorystream/index.d.ts'
[16:41:23.461] Adding entry into typings cache: 'meow' => '/home/cl/.cache/typescript/3.7/node_modules/@types/meow/index.d.ts'
[16:41:23.461] Adding entry into typings cache: 'merge-descriptors' => '/home/cl/.cache/typescript/3.7/node_modules/@types/merge-descriptors/index.d.ts'
[16:41:23.462] Adding entry into typings cache: 'merge-stream' => '/home/cl/.cache/typescript/3.7/node_modules/@types/merge-stream/index.d.ts'
[16:41:23.463] Adding entry into typings cache: 'methods' => '/home/cl/.cache/typescript/3.7/node_modules/@types/methods/index.d.ts'
[16:41:23.463] Adding entry into typings cache: 'micromatch' => '/home/cl/.cache/typescript/3.7/node_modules/@types/micromatch/index.d.ts'
[16:41:23.464] Adding entry into typings cache: 'mime' => '/home/cl/.cache/typescript/3.7/node_modules/@types/mime/index.d.ts'
[16:41:23.466] Adding entry into typings cache: 'mime-db' => '/home/cl/.cache/typescript/3.7/node_modules/@types/mime-db/index.d.ts'
[16:41:23.469] Adding entry into typings cache: 'mime-types' => '/home/cl/.cache/typescript/3.7/node_modules/@types/mime-types/index.d.ts'
[16:41:23.470] Adding entry into typings cache: 'min-document' => '/home/cl/.cache/typescript/3.7/node_modules/@types/min-document/index.d.ts'
[16:41:23.472] Adding entry into typings cache: 'minimalistic-assert' => '/home/cl/.cache/typescript/3.7/node_modules/@types/minimalistic-assert/index.d.ts'
[16:41:23.473] Adding entry into typings cache: 'minimatch' => '/home/cl/.cache/typescript/3.7/node_modules/@types/minimatch/index.d.ts'
[16:41:23.474] Adding entry into typings cache: 'minimist' => '/home/cl/.cache/typescript/3.7/node_modules/@types/minimist/index.d.ts'
[16:41:23.475] Adding entry into typings cache: 'minipass' => '/home/cl/.cache/typescript/3.7/node_modules/@types/minipass/index.d.ts'
[16:41:23.477] Adding entry into typings cache: 'mkdirp' => '/home/cl/.cache/typescript/3.7/node_modules/@types/mkdirp/index.d.ts'
[16:41:23.478] Adding entry into typings cache: 'mock-fs' => '/home/cl/.cache/typescript/3.7/node_modules/@types/mock-fs/index.d.ts'
[16:41:23.479] Adding entry into typings cache: 'mockdate' => '/home/cl/.cache/typescript/3.7/node_modules/@types/mockdate/index.d.ts'
[16:41:23.480] Adding entry into typings cache: 'moo' => '/home/cl/.cache/typescript/3.7/node_modules/@types/moo/index.d.ts'
[16:41:23.483] Adding entry into typings cache: 'morgan' => '/home/cl/.cache/typescript/3.7/node_modules/@types/morgan/index.d.ts'
[16:41:23.483] Adding entry into typings cache: 'mri' => '/home/cl/.cache/typescript/3.7/node_modules/@types/mri/index.d.ts'
[16:41:23.484] Adding entry into typings cache: 'ms' => '/home/cl/.cache/typescript/3.7/node_modules/@types/ms/index.d.ts'
[16:41:23.485] Adding entry into typings cache: 'mv' => '/home/cl/.cache/typescript/3.7/node_modules/@types/mv/index.d.ts'
[16:41:23.485] Adding entry into typings cache: 'mz' => '/home/cl/.cache/typescript/3.7/node_modules/@types/mz/index.d.ts'
[16:41:23.486] Adding entry into typings cache: 'natural-compare' => '/home/cl/.cache/typescript/3.7/node_modules/@types/natural-compare/index.d.ts'
[16:41:23.487] Adding entry into typings cache: 'ncp' => '/home/cl/.cache/typescript/3.7/node_modules/@types/ncp/index.d.ts'
[16:41:23.488] Adding entry into typings cache: 'nearley' => '/home/cl/.cache/typescript/3.7/node_modules/@types/nearley/index.d.ts'
[16:41:23.492] Adding entry into typings cache: 'needle' => '/home/cl/.cache/typescript/3.7/node_modules/@types/needle/index.d.ts'
[16:41:23.494] Adding entry into typings cache: 'negotiator' => '/home/cl/.cache/typescript/3.7/node_modules/@types/negotiator/index.d.ts'
[16:41:23.494] Adding entry into typings cache: 'nice-try' => '/home/cl/.cache/typescript/3.7/node_modules/@types/nice-try/index.d.ts'
[16:41:23.495] Adding entry into typings cache: 'node-fetch' => '/home/cl/.cache/typescript/3.7/node_modules/@types/node-fetch/index.d.ts'
[16:41:23.496] Adding entry into typings cache: 'node-forge' => '/home/cl/.cache/typescript/3.7/node_modules/@types/node-forge/index.d.ts'
[16:41:23.498] Adding entry into typings cache: 'node-int64' => '/home/cl/.cache/typescript/3.7/node_modules/@types/node-int64/index.d.ts'
[16:41:23.499] Adding entry into typings cache: 'node-notifier' => '/home/cl/.cache/typescript/3.7/node_modules/@types/node-notifier/index.d.ts'
[16:41:23.500] Adding entry into typings cache: 'node-uuid' => '/home/cl/.cache/typescript/3.7/node_modules/@types/node-uuid/index.d.ts'
[16:41:23.500] Adding entry into typings cache: 'nopt' => '/home/cl/.cache/typescript/3.7/node_modules/@types/nopt/index.d.ts'
[16:41:23.501] Adding entry into typings cache: 'normalize-package-data' => '/home/cl/.cache/typescript/3.7/node_modules/@types/normalize-package-data/index.d.ts'
[16:41:23.502] Adding entry into typings cache: 'normalize-path' => '/home/cl/.cache/typescript/3.7/node_modules/@types/normalize-path/index.d.ts'
[16:41:23.502] Adding entry into typings cache: 'npm-packlist' => '/home/cl/.cache/typescript/3.7/node_modules/@types/npm-packlist/index.d.ts'
[16:41:23.503] Adding entry into typings cache: 'npmlog' => '/home/cl/.cache/typescript/3.7/node_modules/@types/npmlog/index.d.ts'
[16:41:23.504] Adding entry into typings cache: 'number-is-nan' => '/home/cl/.cache/typescript/3.7/node_modules/@types/number-is-nan/index.d.ts'
[16:41:23.505] Adding entry into typings cache: 'object-assign' => '/home/cl/.cache/typescript/3.7/node_modules/@types/object-assign/index.d.ts'
[16:41:23.506] Adding entry into typings cache: 'object-inspect' => '/home/cl/.cache/typescript/3.7/node_modules/@types/object-inspect/index.d.ts'
[16:41:23.507] Adding entry into typings cache: 'object-keys' => '/home/cl/.cache/typescript/3.7/node_modules/@types/object-keys/index.d.ts'
[16:41:23.508] Adding entry into typings cache: 'object.getownpropertydescriptors' => '/home/cl/.cache/typescript/3.7/node_modules/@types/object.getownpropertydescriptors/index.d.ts'
[16:41:23.509] Adding entry into typings cache: 'object.omit' => '/home/cl/.cache/typescript/3.7/node_modules/@types/object.omit/index.d.ts'
[16:41:23.510] Adding entry into typings cache: 'object.pick' => '/home/cl/.cache/typescript/3.7/node_modules/@types/object.pick/index.d.ts'
[16:41:23.510] Adding entry into typings cache: 'oboe' => '/home/cl/.cache/typescript/3.7/node_modules/@types/oboe/index.d.ts'
[16:41:23.511] Adding entry into typings cache: 'on-finished' => '/home/cl/.cache/typescript/3.7/node_modules/@types/on-finished/index.d.ts'
[16:41:23.512] Adding entry into typings cache: 'on-headers' => '/home/cl/.cache/typescript/3.7/node_modules/@types/on-headers/index.d.ts'
[16:41:23.516] Adding entry into typings cache: 'once' => '/home/cl/.cache/typescript/3.7/node_modules/@types/once/index.d.ts'
[16:41:23.517] Adding entry into typings cache: 'optimist' => '/home/cl/.cache/typescript/3.7/node_modules/@types/optimist/index.d.ts'
[16:41:23.517] Adding entry into typings cache: 'os-homedir' => '/home/cl/.cache/typescript/3.7/node_modules/@types/os-homedir/index.d.ts'
[16:41:23.518] Adding entry into typings cache: 'os-tmpdir' => '/home/cl/.cache/typescript/3.7/node_modules/@types/os-tmpdir/index.d.ts'
[16:41:23.519] Adding entry into typings cache: 'osenv' => '/home/cl/.cache/typescript/3.7/node_modules/@types/osenv/index.d.ts'
[16:41:23.519] Adding entry into typings cache: 'parse-glob' => '/home/cl/.cache/typescript/3.7/node_modules/@types/parse-glob/index.d.ts'
[16:41:23.520] Adding entry into typings cache: 'parse-json' => '/home/cl/.cache/typescript/3.7/node_modules/@types/parse-json/index.d.ts'
[16:41:23.520] Adding entry into typings cache: 'parse-passwd' => '/home/cl/.cache/typescript/3.7/node_modules/@types/parse-passwd/index.d.ts'
[16:41:23.521] Adding entry into typings cache: 'parse5' => '/home/cl/.cache/typescript/3.7/node_modules/@types/parse5/index.d.ts'
[16:41:23.522] Adding entry into typings cache: 'parseurl' => '/home/cl/.cache/typescript/3.7/node_modules/@types/parseurl/index.d.ts'
[16:41:23.522] Adding entry into typings cache: 'path-is-absolute' => '/home/cl/.cache/typescript/3.7/node_modules/@types/path-is-absolute/index.d.ts'
[16:41:23.523] Adding entry into typings cache: 'path-is-inside' => '/home/cl/.cache/typescript/3.7/node_modules/@types/path-is-inside/index.d.ts'
[16:41:23.523] Adding entry into typings cache: 'path-parse' => '/home/cl/.cache/typescript/3.7/node_modules/@types/path-parse/index.d.ts'
[16:41:23.524] Adding entry into typings cache: 'pathval' => '/home/cl/.cache/typescript/3.7/node_modules/@types/pathval/index.d.ts'
[16:41:23.525] Adding entry into typings cache: 'pbkdf2' => '/home/cl/.cache/typescript/3.7/node_modules/@types/pbkdf2/index.d.ts'
[16:41:23.525] Adding entry into typings cache: 'pegjs' => '/home/cl/.cache/typescript/3.7/node_modules/@types/pegjs/index.d.ts'
[16:41:23.526] Adding entry into typings cache: 'pify' => '/home/cl/.cache/typescript/3.7/node_modules/@types/pify/index.d.ts'
[16:41:23.527] Adding entry into typings cache: 'plist' => '/home/cl/.cache/typescript/3.7/node_modules/@types/plist/index.d.ts'
[16:41:23.527] Adding entry into typings cache: 'plugin-error' => '/home/cl/.cache/typescript/3.7/node_modules/@types/plugin-error/index.d.ts'
[16:41:23.528] Adding entry into typings cache: 'pngjs' => '/home/cl/.cache/typescript/3.7/node_modules/@types/pngjs/index.d.ts'
[16:41:23.529] Adding entry into typings cache: 'prelude-ls' => '/home/cl/.cache/typescript/3.7/node_modules/@types/prelude-ls/index.d.ts'
[16:41:23.529] Adding entry into typings cache: 'prettier' => '/home/cl/.cache/typescript/3.7/node_modules/@types/prettier/index.d.ts'
[16:41:23.530] Adding entry into typings cache: 'progress' => '/home/cl/.cache/typescript/3.7/node_modules/@types/progress/index.d.ts'
[16:41:23.531] Adding entry into typings cache: 'progress-stream' => '/home/cl/.cache/typescript/3.7/node_modules/@types/progress-stream/index.d.ts'
[16:41:23.531] Adding entry into typings cache: 'promise-polyfill' => '/home/cl/.cache/typescript/3.7/node_modules/@types/promise-polyfill/index.d.ts'
[16:41:23.532] Adding entry into typings cache: 'prompts' => '/home/cl/.cache/typescript/3.7/node_modules/@types/prompts/index.d.ts'
[16:41:23.533] Adding entry into typings cache: 'prop-types' => '/home/cl/.cache/typescript/3.7/node_modules/@types/prop-types/index.d.ts'
[16:41:23.534] Adding entry into typings cache: 'proper-lockfile' => '/home/cl/.cache/typescript/3.7/node_modules/@types/proper-lockfile/index.d.ts'
[16:41:23.534] Adding entry into typings cache: 'proxy-addr' => '/home/cl/.cache/typescript/3.7/node_modules/@types/proxy-addr/index.d.ts'
[16:41:23.535] Adding entry into typings cache: 'proxy-from-env' => '/home/cl/.cache/typescript/3.7/node_modules/@types/proxy-from-env/index.d.ts'
[16:41:23.536] Adding entry into typings cache: 'psl' => '/home/cl/.cache/typescript/3.7/node_modules/@types/psl/index.d.ts'
[16:41:23.537] Adding entry into typings cache: 'pump' => '/home/cl/.cache/typescript/3.7/node_modules/@types/pump/index.d.ts'
[16:41:23.538] Adding entry into typings cache: 'punycode' => '/home/cl/.cache/typescript/3.7/node_modules/@types/punycode/index.d.ts'
[16:41:23.539] Adding entry into typings cache: 'q' => '/home/cl/.cache/typescript/3.7/node_modules/@types/q/index.d.ts'
[16:41:23.539] Adding entry into typings cache: 'qrcode' => '/home/cl/.cache/typescript/3.7/node_modules/@types/qrcode/index.d.ts'
[16:41:23.540] Adding entry into typings cache: 'qs' => '/home/cl/.cache/typescript/3.7/node_modules/@types/qs/index.d.ts'
[16:41:23.541] Adding entry into typings cache: 'raf' => '/home/cl/.cache/typescript/3.7/node_modules/@types/raf/index.d.ts'
[16:41:23.542] Adding entry into typings cache: 'ramda' => '/home/cl/.cache/typescript/3.7/node_modules/@types/ramda/index.d.ts'
[16:41:23.542] Adding entry into typings cache: 'randombytes' => '/home/cl/.cache/typescript/3.7/node_modules/@types/randombytes/index.d.ts'
[16:41:23.543] Adding entry into typings cache: 'range-parser' => '/home/cl/.cache/typescript/3.7/node_modules/@types/range-parser/index.d.ts'
[16:41:23.544] Adding entry into typings cache: 'rc' => '/home/cl/.cache/typescript/3.7/node_modules/@types/rc/index.d.ts'
[16:41:23.545] Adding entry into typings cache: 'react' => '/home/cl/.cache/typescript/3.7/node_modules/@types/react/index.d.ts'
[16:41:23.545] Adding entry into typings cache: 'react-addons-shallow-compare' => '/home/cl/.cache/typescript/3.7/node_modules/@types/react-addons-shallow-compare/index.d.ts'
[16:41:23.546] Adding entry into typings cache: 'react-devtools' => '/home/cl/.cache/typescript/3.7/node_modules/@types/react-devtools/index.d.ts'
[16:41:23.547] Adding entry into typings cache: 'react-dom' => '/home/cl/.cache/typescript/3.7/node_modules/@types/react-dom/index.d.ts'
[16:41:23.548] Adding entry into typings cache: 'react-is' => '/home/cl/.cache/typescript/3.7/node_modules/@types/react-is/index.d.ts'
[16:41:23.549] Adding entry into typings cache: 'react-lifecycles-compat' => '/home/cl/.cache/typescript/3.7/node_modules/@types/react-lifecycles-compat/index.d.ts'
[16:41:23.550] Adding entry into typings cache: 'react-native' => '/home/cl/.cache/typescript/3.7/node_modules/@types/react-native/index.d.ts'
[16:41:23.551] Adding entry into typings cache: 'react-native-material-textfield' => '/home/cl/.cache/typescript/3.7/node_modules/@types/react-native-material-textfield/index.d.ts'
[16:41:23.552] Adding entry into typings cache: 'react-native-material-ui' => '/home/cl/.cache/typescript/3.7/node_modules/@types/react-native-material-ui/index.d.ts'
[16:41:23.552] Adding entry into typings cache: 'react-native-modal-dropdown' => '/home/cl/.cache/typescript/3.7/node_modules/@types/react-native-modal-dropdown/index.d.ts'
[16:41:23.553] Adding entry into typings cache: 'react-native-snap-carousel' => '/home/cl/.cache/typescript/3.7/node_modules/@types/react-native-snap-carousel/index.d.ts'
[16:41:23.554] Adding entry into typings cache: 'react-native-sqlite-storage' => '/home/cl/.cache/typescript/3.7/node_modules/@types/react-native-sqlite-storage/index.d.ts'
[16:41:23.554] Adding entry into typings cache: 'react-native-vector-icons' => '/home/cl/.cache/typescript/3.7/node_modules/@types/react-native-vector-icons/index.d.ts'
[16:41:23.555] Adding entry into typings cache: 'react-native-version-number' => '/home/cl/.cache/typescript/3.7/node_modules/@types/react-native-version-number/index.d.ts'
[16:41:23.556] Adding entry into typings cache: 'react-redux' => '/home/cl/.cache/typescript/3.7/node_modules/@types/react-redux/index.d.ts'
[16:41:23.557] Adding entry into typings cache: 'react-test-renderer' => '/home/cl/.cache/typescript/3.7/node_modules/@types/react-test-renderer/index.d.ts'
[16:41:23.558] Adding entry into typings cache: 'readable-stream' => '/home/cl/.cache/typescript/3.7/node_modules/@types/readable-stream/index.d.ts'
[16:41:23.558] Adding entry into typings cache: 'rechoir' => '/home/cl/.cache/typescript/3.7/node_modules/@types/rechoir/index.d.ts'
[16:41:23.559] Adding entry into typings cache: 'recursive-readdir' => '/home/cl/.cache/typescript/3.7/node_modules/@types/recursive-readdir/index.d.ts'
[16:41:23.560] Adding entry into typings cache: 'redux-mock-store' => '/home/cl/.cache/typescript/3.7/node_modules/@types/redux-mock-store/index.d.ts'
[16:41:23.560] Adding entry into typings cache: 'registry-auth-token' => '/home/cl/.cache/typescript/3.7/node_modules/@types/registry-auth-token/index.d.ts'
[16:41:23.562] Adding entry into typings cache: 'repeat-element' => '/home/cl/.cache/typescript/3.7/node_modules/@types/repeat-element/index.d.ts'
[16:41:23.562] Adding entry into typings cache: 'repeat-string' => '/home/cl/.cache/typescript/3.7/node_modules/@types/repeat-string/index.d.ts'
[16:41:23.563] Adding entry into typings cache: 'repeating' => '/home/cl/.cache/typescript/3.7/node_modules/@types/repeating/index.d.ts'
[16:41:23.564] Adding entry into typings cache: 'replace-ext' => '/home/cl/.cache/typescript/3.7/node_modules/@types/replace-ext/index.d.ts'
[16:41:23.565] Adding entry into typings cache: 'request' => '/home/cl/.cache/typescript/3.7/node_modules/@types/request/index.d.ts'
[16:41:23.565] Adding entry into typings cache: 'request-promise-native' => '/home/cl/.cache/typescript/3.7/node_modules/@types/request-promise-native/index.d.ts'
[16:41:23.566] Adding entry into typings cache: 'require-directory' => '/home/cl/.cache/typescript/3.7/node_modules/@types/require-directory/index.d.ts'
[16:41:23.567] Adding entry into typings cache: 'require-from-string' => '/home/cl/.cache/typescript/3.7/node_modules/@types/require-from-string/index.d.ts'
[16:41:23.568] Adding entry into typings cache: 'resolve' => '/home/cl/.cache/typescript/3.7/node_modules/@types/resolve/index.d.ts'
[16:41:23.568] Adding entry into typings cache: 'retry' => '/home/cl/.cache/typescript/3.7/node_modules/@types/retry/index.d.ts'
[16:41:23.569] Adding entry into typings cache: 'rimraf' => '/home/cl/.cache/typescript/3.7/node_modules/@types/rimraf/index.d.ts'
[16:41:23.570] Adding entry into typings cache: 'ripemd160' => '/home/cl/.cache/typescript/3.7/node_modules/@types/ripemd160/index.d.ts'
[16:41:23.570] Adding entry into typings cache: 'rn-fetch-blob' => '/home/cl/.cache/typescript/3.7/node_modules/@types/rn-fetch-blob/index.d.ts'
[16:41:23.571] Adding entry into typings cache: 'rsvp' => '/home/cl/.cache/typescript/3.7/node_modules/@types/rsvp/index.d.ts'
[16:41:23.572] Adding entry into typings cache: 'rx-lite' => '/home/cl/.cache/typescript/3.7/node_modules/@types/rx-lite/index.d.ts'
[16:41:23.572] Adding entry into typings cache: 'rx-lite-aggregates' => '/home/cl/.cache/typescript/3.7/node_modules/@types/rx-lite-aggregates/index.d.ts'
[16:41:23.573] Adding entry into typings cache: 'safe-json-stringify' => '/home/cl/.cache/typescript/3.7/node_modules/@types/safe-json-stringify/index.d.ts'
[16:41:23.575] Adding entry into typings cache: 'safe-regex' => '/home/cl/.cache/typescript/3.7/node_modules/@types/safe-regex/index.d.ts'
[16:41:23.576] Adding entry into typings cache: 'safer-buffer' => '/home/cl/.cache/typescript/3.7/node_modules/@types/safer-buffer/index.d.ts'
[16:41:23.577] Adding entry into typings cache: 'sane' => '/home/cl/.cache/typescript/3.7/node_modules/@types/sane/index.d.ts'
[16:41:23.578] Adding entry into typings cache: 'sax' => '/home/cl/.cache/typescript/3.7/node_modules/@types/sax/index.d.ts'
[16:41:23.579] Adding entry into typings cache: 'scheduler' => '/home/cl/.cache/typescript/3.7/node_modules/@types/scheduler/index.d.ts'
[16:41:23.579] Adding entry into typings cache: 'scrypt' => '/home/cl/.cache/typescript/3.7/node_modules/@types/scrypt/index.d.ts'
[16:41:23.580] Adding entry into typings cache: 'scrypt-js' => '/home/cl/.cache/typescript/3.7/node_modules/@types/scrypt-js/index.d.ts'
[16:41:23.581] Adding entry into typings cache: 'scryptsy' => '/home/cl/.cache/typescript/3.7/node_modules/@types/scryptsy/index.d.ts'
[16:41:23.581] Adding entry into typings cache: 'secp256k1' => '/home/cl/.cache/typescript/3.7/node_modules/@types/secp256k1/index.d.ts'
[16:41:23.582] Adding entry into typings cache: 'semaphore' => '/home/cl/.cache/typescript/3.7/node_modules/@types/semaphore/index.d.ts'
[16:41:23.582] Adding entry into typings cache: 'semver' => '/home/cl/.cache/typescript/3.7/node_modules/@types/semver/index.d.ts'
[16:41:23.583] Adding entry into typings cache: 'semver-compare' => '/home/cl/.cache/typescript/3.7/node_modules/@types/semver-compare/index.d.ts'
[16:41:23.584] Adding entry into typings cache: 'send' => '/home/cl/.cache/typescript/3.7/node_modules/@types/send/index.d.ts'
[16:41:23.585] Adding entry into typings cache: 'serve-static' => '/home/cl/.cache/typescript/3.7/node_modules/@types/serve-static/index.d.ts'
[16:41:23.585] Adding entry into typings cache: 'set-value' => '/home/cl/.cache/typescript/3.7/node_modules/@types/set-value/index.d.ts'
[16:41:23.586] Adding entry into typings cache: 'setimmediate' => '/home/cl/.cache/typescript/3.7/node_modules/@types/setimmediate/ts3.1/index.d.ts'
[16:41:23.587] Adding entry into typings cache: 'sha.js' => '/home/cl/.cache/typescript/3.7/node_modules/@types/sha.js/index.d.ts'
[16:41:23.588] Adding entry into typings cache: 'shebang-command' => '/home/cl/.cache/typescript/3.7/node_modules/@types/shebang-command/index.d.ts'
[16:41:23.589] Adding entry into typings cache: 'shell-quote' => '/home/cl/.cache/typescript/3.7/node_modules/@types/shell-quote/index.d.ts'
[16:41:23.589] Adding entry into typings cache: 'shelljs' => '/home/cl/.cache/typescript/3.7/node_modules/@types/shelljs/index.d.ts'
[16:41:23.590] Adding entry into typings cache: 'signal-exit' => '/home/cl/.cache/typescript/3.7/node_modules/@types/signal-exit/index.d.ts'
[16:41:23.591] Adding entry into typings cache: 'single-line-log' => '/home/cl/.cache/typescript/3.7/node_modules/@types/single-line-log/index.d.ts'
[16:41:23.591] Adding entry into typings cache: 'sinon-chai' => '/home/cl/.cache/typescript/3.7/node_modules/@types/sinon-chai/index.d.ts'
[16:41:23.593] Adding entry into typings cache: 'sjcl' => '/home/cl/.cache/typescript/3.7/node_modules/@types/sjcl/index.d.ts'
[16:41:23.596] Adding entry into typings cache: 'slice-ansi' => '/home/cl/.cache/typescript/3.7/node_modules/@types/slice-ansi/index.d.ts'
[16:41:23.597] Adding entry into typings cache: 'source-map-support' => '/home/cl/.cache/typescript/3.7/node_modules/@types/source-map-support/index.d.ts'
[16:41:23.600] Adding entry into typings cache: 'spdx-correct' => '/home/cl/.cache/typescript/3.7/node_modules/@types/spdx-correct/index.d.ts'
[16:41:23.601] Adding entry into typings cache: 'sprintf' => '/home/cl/.cache/typescript/3.7/node_modules/@types/sprintf/index.d.ts'
[16:41:23.602] Adding entry into typings cache: 'sprintf-js' => '/home/cl/.cache/typescript/3.7/node_modules/@types/sprintf-js/index.d.ts'
[16:41:23.603] Adding entry into typings cache: 'sqlite3' => '/home/cl/.cache/typescript/3.7/node_modules/@types/sqlite3/index.d.ts'
[16:41:23.603] Adding entry into typings cache: 'sshpk' => '/home/cl/.cache/typescript/3.7/node_modules/@types/sshpk/index.d.ts'
[16:41:23.604] Adding entry into typings cache: 'stack-utils' => '/home/cl/.cache/typescript/3.7/node_modules/@types/stack-utils/index.d.ts'
[16:41:23.605] Adding entry into typings cache: 'statuses' => '/home/cl/.cache/typescript/3.7/node_modules/@types/statuses/index.d.ts'
[16:41:23.606] Adding entry into typings cache: 'stream-buffers' => '/home/cl/.cache/typescript/3.7/node_modules/@types/stream-buffers/index.d.ts'
[16:41:23.606] Adding entry into typings cache: 'strict-uri-encode' => '/home/cl/.cache/typescript/3.7/node_modules/@types/strict-uri-encode/index.d.ts'
[16:41:23.607] Adding entry into typings cache: 'supports-color' => '/home/cl/.cache/typescript/3.7/node_modules/@types/supports-color/index.d.ts'
[16:41:23.607] Adding entry into typings cache: 'svgo' => '/home/cl/.cache/typescript/3.7/node_modules/@types/svgo/index.d.ts'
[16:41:23.608] Adding entry into typings cache: 'symbol-tree' => '/home/cl/.cache/typescript/3.7/node_modules/@types/symbol-tree/index.d.ts'
[16:41:23.609] Adding entry into typings cache: 'table' => '/home/cl/.cache/typescript/3.7/node_modules/@types/table/index.d.ts'
[16:41:23.609] Adding entry into typings cache: 'tail' => '/home/cl/.cache/typescript/3.7/node_modules/@types/tail/index.d.ts'
[16:41:23.610] Adding entry into typings cache: 'tapable' => '/home/cl/.cache/typescript/3.7/node_modules/@types/tapable/index.d.ts'
[16:41:23.610] Adding entry into typings cache: 'tape' => '/home/cl/.cache/typescript/3.7/node_modules/@types/tape/index.d.ts'
[16:41:23.611] Adding entry into typings cache: 'tar' => '/home/cl/.cache/typescript/3.7/node_modules/@types/tar/index.d.ts'
[16:41:23.612] Adding entry into typings cache: 'tar-stream' => '/home/cl/.cache/typescript/3.7/node_modules/@types/tar-stream/index.d.ts'
[16:41:23.614] Adding entry into typings cache: 'temp' => '/home/cl/.cache/typescript/3.7/node_modules/@types/temp/index.d.ts'
[16:41:23.615] Adding entry into typings cache: 'text-table' => '/home/cl/.cache/typescript/3.7/node_modules/@types/text-table/index.d.ts'
[16:41:23.616] Adding entry into typings cache: 'throttleit' => '/home/cl/.cache/typescript/3.7/node_modules/@types/throttleit/index.d.ts'
[16:41:23.618] Adding entry into typings cache: 'through' => '/home/cl/.cache/typescript/3.7/node_modules/@types/through/index.d.ts'
[16:41:23.619] Adding entry into typings cache: 'through2' => '/home/cl/.cache/typescript/3.7/node_modules/@types/through2/index.d.ts'
[16:41:23.619] Adding entry into typings cache: 'tiny-secp256k1' => '/home/cl/.cache/typescript/3.7/node_modules/@types/tiny-secp256k1/index.d.ts'
[16:41:23.620] Adding entry into typings cache: 'tmp' => '/home/cl/.cache/typescript/3.7/node_modules/@types/tmp/index.d.ts'
[16:41:23.621] Adding entry into typings cache: 'tough-cookie' => '/home/cl/.cache/typescript/3.7/node_modules/@types/tough-cookie/index.d.ts'
[16:41:23.621] Adding entry into typings cache: 'type-check' => '/home/cl/.cache/typescript/3.7/node_modules/@types/type-check/index.d.ts'
[16:41:23.622] Adding entry into typings cache: 'type-detect' => '/home/cl/.cache/typescript/3.7/node_modules/@types/type-detect/index.d.ts'
[16:41:23.623] Adding entry into typings cache: 'type-is' => '/home/cl/.cache/typescript/3.7/node_modules/@types/type-is/index.d.ts'
[16:41:23.624] Adding entry into typings cache: 'ua-parser-js' => '/home/cl/.cache/typescript/3.7/node_modules/@types/ua-parser-js/index.d.ts'
[16:41:23.625] Adding entry into typings cache: 'uglify-es' => '/home/cl/.cache/typescript/3.7/node_modules/@types/uglify-es/index.d.ts'
[16:41:23.626] Adding entry into typings cache: 'uglify-js' => '/home/cl/.cache/typescript/3.7/node_modules/@types/uglify-js/index.d.ts'
[16:41:23.627] Adding entry into typings cache: 'underscore' => '/home/cl/.cache/typescript/3.7/node_modules/@types/underscore/index.d.ts'
[16:41:23.627] Adding entry into typings cache: 'universalify' => '/home/cl/.cache/typescript/3.7/node_modules/@types/universalify/index.d.ts'
[16:41:23.628] Adding entry into typings cache: 'unorm' => '/home/cl/.cache/typescript/3.7/node_modules/@types/unorm/index.d.ts'
[16:41:23.629] Adding entry into typings cache: 'update-notifier' => '/home/cl/.cache/typescript/3.7/node_modules/@types/update-notifier/index.d.ts'
[16:41:23.630] Adding entry into typings cache: 'urix' => '/home/cl/.cache/typescript/3.7/node_modules/@types/urix/index.d.ts'
[16:41:23.631] Adding entry into typings cache: 'utf8' => '/home/cl/.cache/typescript/3.7/node_modules/@types/utf8/index.d.ts'
[16:41:23.631] Adding entry into typings cache: 'util-deprecate' => '/home/cl/.cache/typescript/3.7/node_modules/@types/util-deprecate/index.d.ts'
[16:41:23.633] Adding entry into typings cache: 'util.promisify' => '/home/cl/.cache/typescript/3.7/node_modules/@types/util.promisify/index.d.ts'
[16:41:23.634] Adding entry into typings cache: 'utils-merge' => '/home/cl/.cache/typescript/3.7/node_modules/@types/utils-merge/index.d.ts'
[16:41:23.637] Adding entry into typings cache: 'uuid' => '/home/cl/.cache/typescript/3.7/node_modules/@types/uuid/index.d.ts'
[16:41:23.637] Adding entry into typings cache: 'v8flags' => '/home/cl/.cache/typescript/3.7/node_modules/@types/v8flags/index.d.ts'
[16:41:23.638] Adding entry into typings cache: 'validator' => '/home/cl/.cache/typescript/3.7/node_modules/@types/validator/index.d.ts'
[16:41:23.639] Adding entry into typings cache: 'vary' => '/home/cl/.cache/typescript/3.7/node_modules/@types/vary/index.d.ts'
[16:41:23.640] Adding entry into typings cache: 'verror' => '/home/cl/.cache/typescript/3.7/node_modules/@types/verror/index.d.ts'
[16:41:23.640] Adding entry into typings cache: 'warning' => '/home/cl/.cache/typescript/3.7/node_modules/@types/warning/index.d.ts'
[16:41:23.642] Adding entry into typings cache: 'watch' => '/home/cl/.cache/typescript/3.7/node_modules/@types/watch/index.d.ts'
[16:41:23.643] Adding entry into typings cache: 'web3-provider-engine' => '/home/cl/.cache/typescript/3.7/node_modules/@types/web3-provider-engine/index.d.ts'
[16:41:23.643] Adding entry into typings cache: 'webidl-conversions' => '/home/cl/.cache/typescript/3.7/node_modules/@types/webidl-conversions/index.d.ts'
[16:41:23.644] Adding entry into typings cache: 'websocket' => '/home/cl/.cache/typescript/3.7/node_modules/@types/websocket/index.d.ts'
[16:41:23.645] Adding entry into typings cache: 'whatwg-mimetype' => '/home/cl/.cache/typescript/3.7/node_modules/@types/whatwg-mimetype/index.d.ts'
[16:41:23.646] Adding entry into typings cache: 'whatwg-url' => '/home/cl/.cache/typescript/3.7/node_modules/@types/whatwg-url/index.d.ts'
[16:41:23.647] Adding entry into typings cache: 'which' => '/home/cl/.cache/typescript/3.7/node_modules/@types/which/index.d.ts'
[16:41:23.647] Adding entry into typings cache: 'wif' => '/home/cl/.cache/typescript/3.7/node_modules/@types/wif/index.d.ts'
[16:41:23.648] Adding entry into typings cache: 'window-or-global' => '/home/cl/.cache/typescript/3.7/node_modules/@types/window-or-global/index.d.ts'
[16:41:23.648] Adding entry into typings cache: 'window-size' => '/home/cl/.cache/typescript/3.7/node_modules/@types/window-size/index.d.ts'
[16:41:23.649] Adding entry into typings cache: 'wordwrap' => '/home/cl/.cache/typescript/3.7/node_modules/@types/wordwrap/index.d.ts'
[16:41:23.650] Adding entry into typings cache: 'wrap-ansi' => '/home/cl/.cache/typescript/3.7/node_modules/@types/wrap-ansi/index.d.ts'
[16:41:23.651] Adding entry into typings cache: 'write' => '/home/cl/.cache/typescript/3.7/node_modules/@types/write/index.d.ts'
[16:41:23.652] Adding entry into typings cache: 'write-file-atomic' => '/home/cl/.cache/typescript/3.7/node_modules/@types/write-file-atomic/index.d.ts'
[16:41:23.652] Adding entry into typings cache: 'ws' => '/home/cl/.cache/typescript/3.7/node_modules/@types/ws/index.d.ts'
[16:41:23.654] Adding entry into typings cache: 'xml2js' => '/home/cl/.cache/typescript/3.7/node_modules/@types/xml2js/index.d.ts'
[16:41:23.655] Adding entry into typings cache: 'xmldoc' => '/home/cl/.cache/typescript/3.7/node_modules/@types/xmldoc/index.d.ts'
[16:41:23.656] Adding entry into typings cache: 'xmldom' => '/home/cl/.cache/typescript/3.7/node_modules/@types/xmldom/index.d.ts'
[16:41:23.657] Adding entry into typings cache: 'xtend' => '/home/cl/.cache/typescript/3.7/node_modules/@types/xtend/index.d.ts'
[16:41:23.662] Adding entry into typings cache: 'y18n' => '/home/cl/.cache/typescript/3.7/node_modules/@types/y18n/index.d.ts'
[16:41:23.663] Adding entry into typings cache: 'yallist' => '/home/cl/.cache/typescript/3.7/node_modules/@types/yallist/index.d.ts'
[16:41:23.664] Adding entry into typings cache: 'yargs' => '/home/cl/.cache/typescript/3.7/node_modules/@types/yargs/index.d.ts'
[16:41:23.666] Adding entry into typings cache: 'yargs-parser' => '/home/cl/.cache/typescript/3.7/node_modules/@types/yargs-parser/index.d.ts'
[16:41:23.667] Adding entry into typings cache: 'yauzl' => '/home/cl/.cache/typescript/3.7/node_modules/@types/yauzl/index.d.ts'
[16:41:23.667] Finished processing cache location '/home/cl/.cache/typescript/3.7'
[16:41:23.667] Process id: 160811
[16:41:23.667] NPM location: /home/cl/.nvm/versions/node/v10.16.3/bin/npm (explicit '--npmLocation' not  provided)
[16:41:23.667] validateDefaultNpmLocation: false
[16:41:23.667] Npm config file: /home/cl/.cache/typescript/3.7/package.json
[16:41:23.667] Updating types-registry npm package...
[16:41:23.668] Exec: /home/cl/.nvm/versions/node/v10.16.3/bin/npm install --ignore-scripts types-registry@latest
[16:41:28.948]     Succeeded. stdout:
    + types-registry@0.1.483
    updated 1 package and audited 969 packages in 4.583s
found 0 vulnerabilities


[16:41:28.948] Updated types-registry npm package
